[ 2017-10-08T15:04:53+08:00 ] 127.0.0.1 /Think/index.php
INFO: [ app_init ] --START--
INFO: Run Behavior\BuildLiteBehavior [ RunTime:0.000037s ]
INFO: [ app_init ] --END-- [ RunTime:0.018875s ]
INFO: [ app_begin ] --START--
INFO: Run Behavior\ReadHtmlCacheBehavior [ RunTime:0.016318s ]
INFO: [ app_begin ] --END-- [ RunTime:0.016572s ]
INFO: [ view_parse ] --START--
INFO: Run Behavior\ParseTemplateBehavior [ RunTime:0.001555s ]
INFO: [ view_parse ] --END-- [ RunTime:0.001656s ]
INFO: [ view_filter ] --START--
INFO: Run Behavior\WriteHtmlCacheBehavior [ RunTime:0.021559s ]
INFO: [ view_filter ] --END-- [ RunTime:0.021686s ]
INFO: [ app_end ] --START--
INFO: Run Behavior\ShowPageTraceBehavior [ RunTime:0.028719s ]
INFO: [ app_end ] --END-- [ RunTime:0.028833s ]

[ 2017-10-08T22:11:53+08:00 ] ::1 /Think/index.php
INFO: [ app_init ] --START--
INFO: Run Behavior\BuildLiteBehavior [ RunTime:0.000026s ]
INFO: [ app_init ] --END-- [ RunTime:0.000891s ]
INFO: [ app_begin ] --START--
INFO: Run Behavior\ReadHtmlCacheBehavior [ RunTime:0.001448s ]
INFO: [ app_begin ] --END-- [ RunTime:0.001573s ]
INFO: [ view_parse ] --START--
INFO: Run Behavior\ParseTemplateBehavior [ RunTime:0.017067s ]
INFO: [ view_parse ] --END-- [ RunTime:0.017183s ]
INFO: [ view_filter ] --START--
INFO: Run Behavior\WriteHtmlCacheBehavior [ RunTime:0.000963s ]
INFO: [ view_filter ] --END-- [ RunTime:0.001049s ]
INFO: [ app_end ] --START--
INFO: Run Behavior\ShowPageTraceBehavior [ RunTime:0.001192s ]
INFO: [ app_end ] --END-- [ RunTime:0.001265s ]

